<?xml version="1.0" encoding="UTF-8"?>
<testsuite name="com.jan.web.fileservice.ContainerFileServiceTest" tests="9" skipped="0" failures="0" errors="0" timestamp="2022-03-12T23:47:48" hostname="jan-mac" time="201.574">
  <properties/>
  <testcase name="whenUploadingFilesToFolder_thenFilesAreStoredInContainer()" classname="com.jan.web.fileservice.ContainerFileServiceTest" time="25.984"/>
  <testcase name="whenUploadingFiles_thenFilesAreStoredInContainer()" classname="com.jan.web.fileservice.ContainerFileServiceTest" time="21.924"/>
  <testcase name="whenMovingFolder_thenFolderAndItsContentIsMovedInContainer()" classname="com.jan.web.fileservice.ContainerFileServiceTest" time="19.659"/>
  <testcase name="whenMovingFile_thenFileIsMovedInContainer()" classname="com.jan.web.fileservice.ContainerFileServiceTest" time="20.611"/>
  <testcase name="whenCreatingDirectory_thenDirectoryIsCreatedInContainer()" classname="com.jan.web.fileservice.ContainerFileServiceTest" time="24.588"/>
  <testcase name="whenDeletingFolder_thenFolderAndItsContentIsDeletedFromContainer()" classname="com.jan.web.fileservice.ContainerFileServiceTest" time="20.986"/>
  <testcase name="whenCreatingChildDirectory_thenChildDirectoryIsCreatedInContainer()" classname="com.jan.web.fileservice.ContainerFileServiceTest" time="21.806"/>
  <testcase name="whenFolderIsDownloaded_thenZipFileIsReturned()" classname="com.jan.web.fileservice.ContainerFileServiceTest" time="22.373"/>
  <testcase name="whenDeletingFiles_thenFilesAreDeletedFromContainer()" classname="com.jan.web.fileservice.ContainerFileServiceTest" time="23.635"/>
  <system-out><![CDATA[00:47:44.300 [Test worker] DEBUG org.springframework.test.context.BootstrapUtils - Instantiating CacheAwareContextLoaderDelegate from class [org.springframework.test.context.cache.DefaultCacheAwareContextLoaderDelegate]
00:47:44.315 [Test worker] DEBUG org.springframework.test.context.BootstrapUtils - Instantiating BootstrapContext using constructor [public org.springframework.test.context.support.DefaultBootstrapContext(java.lang.Class,org.springframework.test.context.CacheAwareContextLoaderDelegate)]
00:47:44.358 [Test worker] DEBUG org.springframework.test.context.BootstrapUtils - Instantiating TestContextBootstrapper for test class [com.jan.web.fileservice.ContainerFileServiceTest] from class [org.springframework.boot.test.context.SpringBootTestContextBootstrapper]
00:47:44.366 [Test worker] INFO org.springframework.boot.test.context.SpringBootTestContextBootstrapper - Neither @ContextConfiguration nor @ContextHierarchy found for test class [com.jan.web.fileservice.ContainerFileServiceTest], using SpringBootContextLoader
00:47:44.369 [Test worker] DEBUG org.springframework.test.context.support.AbstractContextLoader - Did not detect default resource location for test class [com.jan.web.fileservice.ContainerFileServiceTest]: class path resource [com/jan/web/fileservice/ContainerFileServiceTest-context.xml] does not exist
00:47:44.370 [Test worker] DEBUG org.springframework.test.context.support.AbstractContextLoader - Did not detect default resource location for test class [com.jan.web.fileservice.ContainerFileServiceTest]: class path resource [com/jan/web/fileservice/ContainerFileServiceTestContext.groovy] does not exist
00:47:44.370 [Test worker] INFO org.springframework.test.context.support.AbstractContextLoader - Could not detect default resource locations for test class [com.jan.web.fileservice.ContainerFileServiceTest]: no resource found for suffixes {-context.xml, Context.groovy}.
00:47:44.370 [Test worker] INFO org.springframework.test.context.support.AnnotationConfigContextLoaderUtils - Could not detect default configuration classes for test class [com.jan.web.fileservice.ContainerFileServiceTest]: ContainerFileServiceTest does not declare any static, non-private, non-final, nested classes annotated with @Configuration.
00:47:44.421 [Test worker] DEBUG org.springframework.test.context.support.ActiveProfilesUtils - Could not find an 'annotation declaring class' for annotation type [org.springframework.test.context.ActiveProfiles] and class [com.jan.web.fileservice.ContainerFileServiceTest]
00:47:44.505 [Test worker] DEBUG org.springframework.context.annotation.ClassPathScanningCandidateComponentProvider - Identified candidate component class: file [/Users/jan/dev/thesis/ml_runner/java/web/build/classes/java/main/com/jan/web/WebApplication.class]
00:47:44.507 [Test worker] INFO org.springframework.boot.test.context.SpringBootTestContextBootstrapper - Found @SpringBootConfiguration com.jan.web.WebApplication for test class com.jan.web.fileservice.ContainerFileServiceTest
00:47:44.610 [Test worker] DEBUG org.springframework.boot.test.context.SpringBootTestContextBootstrapper - @TestExecutionListeners is not present for class [com.jan.web.fileservice.ContainerFileServiceTest]: using defaults.
00:47:44.610 [Test worker] INFO org.springframework.boot.test.context.SpringBootTestContextBootstrapper - Loaded default TestExecutionListener class names from location [META-INF/spring.factories]: [org.springframework.security.test.context.support.WithSecurityContextTestExecutionListener, org.springframework.security.test.context.support.ReactorContextTestExecutionListener, org.springframework.boot.test.autoconfigure.restdocs.RestDocsTestExecutionListener, org.springframework.boot.test.autoconfigure.web.client.MockRestServiceServerResetTestExecutionListener, org.springframework.boot.test.autoconfigure.web.servlet.MockMvcPrintOnlyOnFailureTestExecutionListener, org.springframework.boot.test.autoconfigure.web.servlet.WebDriverTestExecutionListener, org.springframework.boot.test.autoconfigure.webservices.client.MockWebServiceServerTestExecutionListener, org.springframework.boot.test.mock.mockito.MockitoTestExecutionListener, org.springframework.boot.test.mock.mockito.ResetMocksTestExecutionListener, org.springframework.test.context.web.ServletTestExecutionListener, org.springframework.test.context.support.DirtiesContextBeforeModesTestExecutionListener, org.springframework.test.context.event.ApplicationEventsTestExecutionListener, org.springframework.test.context.support.DependencyInjectionTestExecutionListener, org.springframework.test.context.support.DirtiesContextTestExecutionListener, org.springframework.test.context.transaction.TransactionalTestExecutionListener, org.springframework.test.context.jdbc.SqlScriptsTestExecutionListener, org.springframework.test.context.event.EventPublishingTestExecutionListener]
00:47:44.628 [Test worker] INFO org.springframework.boot.test.context.SpringBootTestContextBootstrapper - Using TestExecutionListeners: [org.springframework.test.context.web.ServletTestExecutionListener@36b0fcd5, org.springframework.test.context.support.DirtiesContextBeforeModesTestExecutionListener@4fad94a7, org.springframework.test.context.event.ApplicationEventsTestExecutionListener@475835b1, org.springframework.boot.test.mock.mockito.MockitoTestExecutionListener@6326d182, org.springframework.boot.test.autoconfigure.SpringBootDependencyInjectionTestExecutionListener@5241cf67, org.springframework.test.context.support.DirtiesContextTestExecutionListener@716a7124, org.springframework.test.context.transaction.TransactionalTestExecutionListener@77192705, org.springframework.test.context.jdbc.SqlScriptsTestExecutionListener@226642a5, org.springframework.security.test.context.support.WithSecurityContextTestExecutionListener@7e809b79, org.springframework.test.context.event.EventPublishingTestExecutionListener@5cc126dc, org.springframework.security.test.context.support.ReactorContextTestExecutionListener@625e134e, org.springframework.boot.test.autoconfigure.restdocs.RestDocsTestExecutionListener@72bd06ca, org.springframework.boot.test.autoconfigure.web.client.MockRestServiceServerResetTestExecutionListener@89c10b7, org.springframework.boot.test.autoconfigure.web.servlet.MockMvcPrintOnlyOnFailureTestExecutionListener@5dbe30be, org.springframework.boot.test.autoconfigure.web.servlet.WebDriverTestExecutionListener@4fe89c24, org.springframework.boot.test.autoconfigure.webservices.client.MockWebServiceServerTestExecutionListener@55795845, org.springframework.boot.test.mock.mockito.ResetMocksTestExecutionListener@3d08f3f5]
00:47:44.631 [Test worker] DEBUG org.springframework.test.context.support.AbstractDirtiesContextTestExecutionListener - Before test class: context [DefaultTestContext@18a3962d testClass = ContainerFileServiceTest, testInstance = [null], testMethod = [null], testException = [null], mergedContextConfiguration = [WebMergedContextConfiguration@78aea4b9 testClass = ContainerFileServiceTest, locations = '{}', classes = '{class com.jan.web.WebApplication}', contextInitializerClasses = '[]', activeProfiles = '{}', propertySourceLocations = '{}', propertySourceProperties = '{org.springframework.boot.test.context.SpringBootTestContextBootstrapper=true}', contextCustomizers = set[org.springframework.boot.test.autoconfigure.actuate.metrics.MetricsExportContextCustomizerFactory$DisableMetricExportContextCustomizer@7ac0e420, org.springframework.boot.test.autoconfigure.properties.PropertyMappingContextCustomizer@0, org.springframework.boot.test.autoconfigure.web.servlet.WebDriverContextCustomizerFactory$Customizer@4b14918a, org.springframework.boot.test.context.filter.ExcludeFilterContextCustomizer@18a136ac, org.springframework.boot.test.json.DuplicateJsonObjectContextCustomizerFactory$DuplicateJsonObjectContextCustomizer@176b3f44, org.springframework.boot.test.mock.mockito.MockitoContextCustomizer@0, org.springframework.boot.test.web.client.TestRestTemplateContextCustomizer@1a760689, org.springframework.boot.test.context.SpringBootTestArgs@1, org.springframework.boot.test.context.SpringBootTestWebEnvironment@55b53d44], resourceBasePath = 'src/main/webapp', contextLoader = 'org.springframework.boot.test.context.SpringBootContextLoader', parent = [null]], attributes = map['org.springframework.test.context.web.ServletTestExecutionListener.activateListener' -> true]], class annotated with @DirtiesContext [false] with mode [null].
00:47:44.664 [Test worker] DEBUG org.springframework.test.context.support.TestPropertySourceUtils - Adding inlined properties to environment: {spring.jmx.enabled=false, org.springframework.boot.test.context.SpringBootTestContextBootstrapper=true}

  .   ____          _            __ _ _
 /\\ / ___'_ __ _ _(_)_ __  __ _ \ \ \ \
( ( )\___ | '_ | '_| | '_ \/ _` | \ \ \ \
 \\/  ___)| |_)| | | | | || (_| |  ) ) ) )
  '  |____| .__|_| |_|_| |_\__, | / / / /
 =========|_|==============|___/=/_/_/_/
 :: Spring Boot ::                (v2.5.5)

2022-03-13 00:47:44.892  WARN 44828 --- [    Test worker] ory$DuplicateJsonObjectContextCustomizer : 

Found multiple occurrences of org.json.JSONObject on the class path:

	jar:file:/Users/jan/.gradle/caches/modules-2/files-2.1/org.json/json/20090211/c183aa3a2a6250293808bba12262c8920ce5a51c/json-20090211.jar!/org/json/JSONObject.class
	jar:file:/Users/jan/.gradle/caches/modules-2/files-2.1/com.vaadin.external.google/android-json/0.0.20131108.vaadin1/fa26d351fe62a6a17f5cda1287c1c6110dec413f/android-json-0.0.20131108.vaadin1.jar!/org/json/JSONObject.class

You may wish to exclude one of them to ensure predictable runtime behavior

2022-03-13 00:47:44.907  INFO 44828 --- [    Test worker] c.j.w.f.ContainerFileServiceTest         : Starting ContainerFileServiceTest using Java 17 on jan-mac with PID 44828 (started by jan in /Users/jan/dev/thesis/ml_runner/java/web)
2022-03-13 00:47:44.910  INFO 44828 --- [    Test worker] c.j.w.f.ContainerFileServiceTest         : No active profile set, falling back to default profiles: default
2022-03-13 00:47:45.575  INFO 44828 --- [    Test worker] .s.d.r.c.RepositoryConfigurationDelegate : Bootstrapping Spring Data JPA repositories in DEFAULT mode.
2022-03-13 00:47:45.652  INFO 44828 --- [    Test worker] .s.d.r.c.RepositoryConfigurationDelegate : Finished Spring Data repository scanning in 68 ms. Found 6 JPA repository interfaces.
2022-03-13 00:47:45.947  INFO 44828 --- [    Test worker] trationDelegate$BeanPostProcessorChecker : Bean 'org.springframework.security.access.expression.method.DefaultMethodSecurityExpressionHandler@3e05586b' of type [org.springframework.security.access.expression.method.DefaultMethodSecurityExpressionHandler] is not eligible for getting processed by all BeanPostProcessors (for example: not eligible for auto-proxying)
2022-03-13 00:47:45.956  INFO 44828 --- [    Test worker] trationDelegate$BeanPostProcessorChecker : Bean 'methodSecurityMetadataSource' of type [org.springframework.security.access.method.DelegatingMethodSecurityMetadataSource] is not eligible for getting processed by all BeanPostProcessors (for example: not eligible for auto-proxying)
2022-03-13 00:47:46.125  INFO 44828 --- [    Test worker] com.zaxxer.hikari.HikariDataSource       : HikariPool-1 - Starting...
2022-03-13 00:47:46.289  INFO 44828 --- [    Test worker] com.zaxxer.hikari.HikariDataSource       : HikariPool-1 - Start completed.
2022-03-13 00:47:46.346  INFO 44828 --- [    Test worker] o.hibernate.jpa.internal.util.LogHelper  : HHH000204: Processing PersistenceUnitInfo [name: default]
2022-03-13 00:47:46.393  INFO 44828 --- [    Test worker] org.hibernate.Version                    : HHH000412: Hibernate ORM core version 5.4.32.Final
2022-03-13 00:47:46.536  INFO 44828 --- [    Test worker] o.hibernate.annotations.common.Version   : HCANN000001: Hibernate Commons Annotations {5.1.2.Final}
2022-03-13 00:47:46.560 DEBUG 44828 --- [    Test worker] org.hibernate.type.BasicTypeRegistry     : Adding type registration boolean -> org.hibernate.type.BooleanType@7e2c6702
2022-03-13 00:47:46.561 DEBUG 44828 --- [    Test worker] org.hibernate.type.BasicTypeRegistry     : Adding type registration boolean -> org.hibernate.type.BooleanType@7e2c6702
2022-03-13 00:47:46.561 DEBUG 44828 --- [    Test worker] org.hibernate.type.BasicTypeRegistry     : Adding type registration java.lang.Boolean -> org.hibernate.type.BooleanType@7e2c6702
2022-03-13 00:47:46.561 DEBUG 44828 --- [    Test worker] org.hibernate.type.BasicTypeRegistry     : Adding type registration numeric_boolean -> org.hibernate.type.NumericBooleanType@4ce267cc
2022-03-13 00:47:46.562 DEBUG 44828 --- [    Test worker] org.hibernate.type.BasicTypeRegistry     : Adding type registration true_false -> org.hibernate.type.TrueFalseType@38f617f4
2022-03-13 00:47:46.562 DEBUG 44828 --- [    Test worker] org.hibernate.type.BasicTypeRegistry     : Adding type registration yes_no -> org.hibernate.type.YesNoType@7c91fe86
2022-03-13 00:47:46.563 DEBUG 44828 --- [    Test worker] org.hibernate.type.BasicTypeRegistry     : Adding type registration byte -> org.hibernate.type.ByteType@12cd129c
2022-03-13 00:47:46.563 DEBUG 44828 --- [    Test worker] org.hibernate.type.BasicTypeRegistry     : Adding type registration byte -> org.hibernate.type.ByteType@12cd129c
2022-03-13 00:47:46.563 DEBUG 44828 --- [    Test worker] org.hibernate.type.BasicTypeRegistry     : Adding type registration java.lang.Byte -> org.hibernate.type.ByteType@12cd129c
2022-03-13 00:47:46.564 DEBUG 44828 --- [    Test worker] org.hibernate.type.BasicTypeRegistry     : Adding type registration character -> org.hibernate.type.CharacterType@51ed2f68
2022-03-13 00:47:46.565 DEBUG 44828 --- [    Test worker] org.hibernate.type.BasicTypeRegistry     : Adding type registration char -> org.hibernate.type.CharacterType@51ed2f68
2022-03-13 00:47:46.565 DEBUG 44828 --- [    Test worker] org.hibernate.type.BasicTypeRegistry     : Adding type registration java.lang.Character -> org.hibernate.type.CharacterType@51ed2f68
2022-03-13 00:47:46.566 DEBUG 44828 --- [    Test worker] org.hibernate.type.BasicTypeRegistry     : Adding type registration short -> org.hibernate.type.ShortType@4fbaa7f5
2022-03-13 00:47:46.566 DEBUG 44828 --- [    Test worker] org.hibernate.type.BasicTypeRegistry     : Adding type registration short -> org.hibernate.type.ShortType@4fbaa7f5
2022-03-13 00:47:46.566 DEBUG 44828 --- [    Test worker] org.hibernate.type.BasicTypeRegistry     : Adding type registration java.lang.Short -> org.hibernate.type.ShortType@4fbaa7f5
2022-03-13 00:47:46.567 DEBUG 44828 --- [    Test worker] org.hibernate.type.BasicTypeRegistry     : Adding type registration integer -> org.hibernate.type.IntegerType@597a7afa
2022-03-13 00:47:46.567 DEBUG 44828 --- [    Test worker] org.hibernate.type.BasicTypeRegistry     : Adding type registration int -> org.hibernate.type.IntegerType@597a7afa
2022-03-13 00:47:46.567 DEBUG 44828 --- [    Test worker] org.hibernate.type.BasicTypeRegistry     : Adding type registration java.lang.Integer -> org.hibernate.type.IntegerType@597a7afa
2022-03-13 00:47:46.568 DEBUG 44828 --- [    Test worker] org.hibernate.type.BasicTypeRegistry     : Adding type registration long -> org.hibernate.type.LongType@5599b5bb
2022-03-13 00:47:46.568 DEBUG 44828 --- [    Test worker] org.hibernate.type.BasicTypeRegistry     : Adding type registration long -> org.hibernate.type.LongType@5599b5bb
2022-03-13 00:47:46.568 DEBUG 44828 --- [    Test worker] org.hibernate.type.BasicTypeRegistry     : Adding type registration java.lang.Long -> org.hibernate.type.LongType@5599b5bb
2022-03-13 00:47:46.569 DEBUG 44828 --- [    Test worker] org.hibernate.type.BasicTypeRegistry     : Adding type registration float -> org.hibernate.type.FloatType@7ead1d80
2022-03-13 00:47:46.569 DEBUG 44828 --- [    Test worker] org.hibernate.type.BasicTypeRegistry     : Adding type registration float -> org.hibernate.type.FloatType@7ead1d80
2022-03-13 00:47:46.569 DEBUG 44828 --- [    Test worker] org.hibernate.type.BasicTypeRegistry     : Adding type registration java.lang.Float -> org.hibernate.type.FloatType@7ead1d80
2022-03-13 00:47:46.570 DEBUG 44828 --- [    Test worker] org.hibernate.type.BasicTypeRegistry     : Adding type registration double -> org.hibernate.type.DoubleType@4a660b34
2022-03-13 00:47:46.570 DEBUG 44828 --- [    Test worker] org.hibernate.type.BasicTypeRegistry     : Adding type registration double -> org.hibernate.type.DoubleType@4a660b34
2022-03-13 00:47:46.570 DEBUG 44828 --- [    Test worker] org.hibernate.type.BasicTypeRegistry     : Adding type registration java.lang.Double -> org.hibernate.type.DoubleType@4a660b34
2022-03-13 00:47:46.571 DEBUG 44828 --- [    Test worker] org.hibernate.type.BasicTypeRegistry     : Adding type registration big_decimal -> org.hibernate.type.BigDecimalType@40c76f5a
2022-03-13 00:47:46.571 DEBUG 44828 --- [    Test worker] org.hibernate.type.BasicTypeRegistry     : Adding type registration java.math.BigDecimal -> org.hibernate.type.BigDecimalType@40c76f5a
2022-03-13 00:47:46.571 DEBUG 44828 --- [    Test worker] org.hibernate.type.BasicTypeRegistry     : Adding type registration big_integer -> org.hibernate.type.BigIntegerType@7f642bf
2022-03-13 00:47:46.571 DEBUG 44828 --- [    Test worker] org.hibernate.type.BasicTypeRegistry     : Adding type registration java.math.BigInteger -> org.hibernate.type.BigIntegerType@7f642bf
2022-03-13 00:47:46.572 DEBUG 44828 --- [    Test worker] org.hibernate.type.BasicTypeRegistry     : Adding type registration string -> org.hibernate.type.StringType@19bfbe28
2022-03-13 00:47:46.572 DEBUG 44828 --- [    Test worker] org.hibernate.type.BasicTypeRegistry     : Adding type registration java.lang.String -> org.hibernate.type.StringType@19bfbe28
2022-03-13 00:47:46.572 DEBUG 44828 --- [    Test worker] org.hibernate.type.BasicTypeRegistry     : Adding type registration nstring -> org.hibernate.type.StringNVarcharType@75ed125a
2022-03-13 00:47:46.573 DEBUG 44828 --- [    Test worker] org.hibernate.type.BasicTypeRegistry     : Adding type registration ncharacter -> org.hibernate.type.CharacterNCharType@6b09ce57
2022-03-13 00:47:46.573 DEBUG 44828 --- [    Test worker] org.hibernate.type.BasicTypeRegistry     : Adding type registration url -> org.hibernate.type.UrlType@5bb2fb2b
2022-03-13 00:47:46.573 DEBUG 44828 --- [    Test worker] org.hibernate.type.BasicTypeRegistry     : Adding type registration java.net.URL -> org.hibernate.type.UrlType@5bb2fb2b
2022-03-13 00:47:46.574 DEBUG 44828 --- [    Test worker] org.hibernate.type.BasicTypeRegistry     : Adding type registration Duration -> org.hibernate.type.DurationType@3d512652
2022-03-13 00:47:46.574 DEBUG 44828 --- [    Test worker] org.hibernate.type.BasicTypeRegistry     : Adding type registration java.time.Duration -> org.hibernate.type.DurationType@3d512652
2022-03-13 00:47:46.575 DEBUG 44828 --- [    Test worker] org.hibernate.type.BasicTypeRegistry     : Adding type registration Instant -> org.hibernate.type.InstantType@5d829ef0
2022-03-13 00:47:46.575 DEBUG 44828 --- [    Test worker] org.hibernate.type.BasicTypeRegistry     : Adding type registration java.time.Instant -> org.hibernate.type.InstantType@5d829ef0
2022-03-13 00:47:46.576 DEBUG 44828 --- [    Test worker] org.hibernate.type.BasicTypeRegistry     : Adding type registration LocalDateTime -> org.hibernate.type.LocalDateTimeType@439d545c
2022-03-13 00:47:46.576 DEBUG 44828 --- [    Test worker] org.hibernate.type.BasicTypeRegistry     : Adding type registration java.time.LocalDateTime -> org.hibernate.type.LocalDateTimeType@439d545c
2022-03-13 00:47:46.577 DEBUG 44828 --- [    Test worker] org.hibernate.type.BasicTypeRegistry     : Adding type registration LocalDate -> org.hibernate.type.LocalDateType@7a1371
2022-03-13 00:47:46.577 DEBUG 44828 --- [    Test worker] org.hibernate.type.BasicTypeRegistry     : Adding type registration java.time.LocalDate -> org.hibernate.type.LocalDateType@7a1371
2022-03-13 00:47:46.578 DEBUG 44828 --- [    Test worker] org.hibernate.type.BasicTypeRegistry     : Adding type registration LocalTime -> org.hibernate.type.LocalTimeType@49038f97
2022-03-13 00:47:46.578 DEBUG 44828 --- [    Test worker] org.hibernate.type.BasicTypeRegistry     : Adding type registration java.time.LocalTime -> org.hibernate.type.LocalTimeType@49038f97
2022-03-13 00:47:46.579 DEBUG 44828 --- [    Test worker] org.hibernate.type.BasicTypeRegistry     : Adding type registration OffsetDateTime -> org.hibernate.type.OffsetDateTimeType@4fe8f2ae
2022-03-13 00:47:46.579 DEBUG 44828 --- [    Test worker] org.hibernate.type.BasicTypeRegistry     : Adding type registration java.time.OffsetDateTime -> org.hibernate.type.OffsetDateTimeType@4fe8f2ae
2022-03-13 00:47:46.580 DEBUG 44828 --- [    Test worker] org.hibernate.type.BasicTypeRegistry     : Adding type registration OffsetTime -> org.hibernate.type.OffsetTimeType@10bf1ec9
2022-03-13 00:47:46.581 DEBUG 44828 --- [    Test worker] org.hibernate.type.BasicTypeRegistry     : Adding type registration java.time.OffsetTime -> org.hibernate.type.OffsetTimeType@10bf1ec9
2022-03-13 00:47:46.581 DEBUG 44828 --- [    Test worker] org.hibernate.type.BasicTypeRegistry     : Adding type registration ZonedDateTime -> org.hibernate.type.ZonedDateTimeType@7606bd03
2022-03-13 00:47:46.582 DEBUG 44828 --- [    Test worker] org.hibernate.type.BasicTypeRegistry     : Adding type registration java.time.ZonedDateTime -> org.hibernate.type.ZonedDateTimeType@7606bd03
2022-03-13 00:47:46.583 DEBUG 44828 --- [    Test worker] org.hibernate.type.BasicTypeRegistry     : Adding type registration date -> org.hibernate.type.DateType@4c063cb9
2022-03-13 00:47:46.583 DEBUG 44828 --- [    Test worker] org.hibernate.type.BasicTypeRegistry     : Adding type registration java.sql.Date -> org.hibernate.type.DateType@4c063cb9
2022-03-13 00:47:46.584 DEBUG 44828 --- [    Test worker] org.hibernate.type.BasicTypeRegistry     : Adding type registration time -> org.hibernate.type.TimeType@7b1a30e5
2022-03-13 00:47:46.584 DEBUG 44828 --- [    Test worker] org.hibernate.type.BasicTypeRegistry     : Adding type registration java.sql.Time -> org.hibernate.type.TimeType@7b1a30e5
2022-03-13 00:47:46.585 DEBUG 44828 --- [    Test worker] org.hibernate.type.BasicTypeRegistry     : Adding type registration timestamp -> org.hibernate.type.TimestampType@2fba0dac
2022-03-13 00:47:46.585 DEBUG 44828 --- [    Test worker] org.hibernate.type.BasicTypeRegistry     : Adding type registration java.sql.Timestamp -> org.hibernate.type.TimestampType@2fba0dac
2022-03-13 00:47:46.585 DEBUG 44828 --- [    Test worker] org.hibernate.type.BasicTypeRegistry     : Adding type registration java.util.Date -> org.hibernate.type.TimestampType@2fba0dac
2022-03-13 00:47:46.586 DEBUG 44828 --- [    Test worker] org.hibernate.type.BasicTypeRegistry     : Adding type registration dbtimestamp -> org.hibernate.type.DbTimestampType@7be38eba
2022-03-13 00:47:46.586 DEBUG 44828 --- [    Test worker] org.hibernate.type.BasicTypeRegistry     : Adding type registration calendar -> org.hibernate.type.CalendarType@b5c902
2022-03-13 00:47:46.587 DEBUG 44828 --- [    Test worker] org.hibernate.type.BasicTypeRegistry     : Adding type registration java.util.Calendar -> org.hibernate.type.CalendarType@b5c902
2022-03-13 00:47:46.587 DEBUG 44828 --- [    Test worker] org.hibernate.type.BasicTypeRegistry     : Adding type registration java.util.GregorianCalendar -> org.hibernate.type.CalendarType@b5c902
2022-03-13 00:47:46.587 DEBUG 44828 --- [    Test worker] org.hibernate.type.BasicTypeRegistry     : Adding type registration calendar_date -> org.hibernate.type.CalendarDateType@56da96b3
2022-03-13 00:47:46.588 DEBUG 44828 --- [    Test worker] org.hibernate.type.BasicTypeRegistry     : Adding type registration calendar_time -> org.hibernate.type.CalendarTimeType@2ba9f986
2022-03-13 00:47:46.588 DEBUG 44828 --- [    Test worker] org.hibernate.type.BasicTypeRegistry     : Adding type registration locale -> org.hibernate.type.LocaleType@3302035b
2022-03-13 00:47:46.589 DEBUG 44828 --- [    Test worker] org.hibernate.type.BasicTypeRegistry     : Adding type registration java.util.Locale -> org.hibernate.type.LocaleType@3302035b
2022-03-13 00:47:46.589 DEBUG 44828 --- [    Test worker] org.hibernate.type.BasicTypeRegistry     : Adding type registration currency -> org.hibernate.type.CurrencyType@21be14c2
2022-03-13 00:47:46.590 DEBUG 44828 --- [    Test worker] org.hibernate.type.BasicTypeRegistry     : Adding type registration java.util.Currency -> org.hibernate.type.CurrencyType@21be14c2
2022-03-13 00:47:46.590 DEBUG 44828 --- [    Test worker] org.hibernate.type.BasicTypeRegistry     : Adding type registration timezone -> org.hibernate.type.TimeZoneType@22b82ddf
2022-03-13 00:47:46.590 DEBUG 44828 --- [    Test worker] org.hibernate.type.BasicTypeRegistry     : Adding type registration java.util.TimeZone -> org.hibernate.type.TimeZoneType@22b82ddf
2022-03-13 00:47:46.591 DEBUG 44828 --- [    Test worker] org.hibernate.type.BasicTypeRegistry     : Adding type registration class -> org.hibernate.type.ClassType@2de3b052
2022-03-13 00:47:46.591 DEBUG 44828 --- [    Test worker] org.hibernate.type.BasicTypeRegistry     : Adding type registration java.lang.Class -> org.hibernate.type.ClassType@2de3b052
2022-03-13 00:47:46.592 DEBUG 44828 --- [    Test worker] org.hibernate.type.BasicTypeRegistry     : Adding type registration uuid-binary -> org.hibernate.type.UUIDBinaryType@b3857e2
2022-03-13 00:47:46.592 DEBUG 44828 --- [    Test worker] org.hibernate.type.BasicTypeRegistry     : Adding type registration java.util.UUID -> org.hibernate.type.UUIDBinaryType@b3857e2
2022-03-13 00:47:46.592 DEBUG 44828 --- [    Test worker] org.hibernate.type.BasicTypeRegistry     : Adding type registration uuid-char -> org.hibernate.type.UUIDCharType@99c4993
2022-03-13 00:47:46.593 DEBUG 44828 --- [    Test worker] org.hibernate.type.BasicTypeRegistry     : Adding type registration binary -> org.hibernate.type.BinaryType@64bba0eb
2022-03-13 00:47:46.593 DEBUG 44828 --- [    Test worker] org.hibernate.type.BasicTypeRegistry     : Adding type registration byte[] -> org.hibernate.type.BinaryType@64bba0eb
2022-03-13 00:47:46.593 DEBUG 44828 --- [    Test worker] org.hibernate.type.BasicTypeRegistry     : Adding type registration [B -> org.hibernate.type.BinaryType@64bba0eb
2022-03-13 00:47:46.594 DEBUG 44828 --- [    Test worker] org.hibernate.type.BasicTypeRegistry     : Adding type registration wrapper-binary -> org.hibernate.type.WrapperBinaryType@729cd862
2022-03-13 00:47:46.594 DEBUG 44828 --- [    Test worker] org.hibernate.type.BasicTypeRegistry     : Adding type registration Byte[] -> org.hibernate.type.WrapperBinaryType@729cd862
2022-03-13 00:47:46.594 DEBUG 44828 --- [    Test worker] org.hibernate.type.BasicTypeRegistry     : Adding type registration [Ljava.lang.Byte; -> org.hibernate.type.WrapperBinaryType@729cd862
2022-03-13 00:47:46.595 DEBUG 44828 --- [    Test worker] org.hibernate.type.BasicTypeRegistry     : Adding type registration row_version -> org.hibernate.type.RowVersionType@100d0218
2022-03-13 00:47:46.595 DEBUG 44828 --- [    Test worker] org.hibernate.type.BasicTypeRegistry     : Adding type registration image -> org.hibernate.type.ImageType@4baf997
2022-03-13 00:47:46.596 DEBUG 44828 --- [    Test worker] org.hibernate.type.BasicTypeRegistry     : Adding type registration characters -> org.hibernate.type.CharArrayType@52c46334
2022-03-13 00:47:46.596 DEBUG 44828 --- [    Test worker] org.hibernate.type.BasicTypeRegistry     : Adding type registration char[] -> org.hibernate.type.CharArrayType@52c46334
2022-03-13 00:47:46.596 DEBUG 44828 --- [    Test worker] org.hibernate.type.BasicTypeRegistry     : Adding type registration [C -> org.hibernate.type.CharArrayType@52c46334
2022-03-13 00:47:46.597 DEBUG 44828 --- [    Test worker] org.hibernate.type.BasicTypeRegistry     : Adding type registration wrapper-characters -> org.hibernate.type.CharacterArrayType@6546371
2022-03-13 00:47:46.597 DEBUG 44828 --- [    Test worker] org.hibernate.type.BasicTypeRegistry     : Adding type registration [Ljava.lang.Character; -> org.hibernate.type.CharacterArrayType@6546371
2022-03-13 00:47:46.597 DEBUG 44828 --- [    Test worker] org.hibernate.type.BasicTypeRegistry     : Adding type registration Character[] -> org.hibernate.type.CharacterArrayType@6546371
2022-03-13 00:47:46.597 DEBUG 44828 --- [    Test worker] org.hibernate.type.BasicTypeRegistry     : Adding type registration text -> org.hibernate.type.TextType@227a933d
2022-03-13 00:47:46.598 DEBUG 44828 --- [    Test worker] org.hibernate.type.BasicTypeRegistry     : Adding type registration ntext -> org.hibernate.type.NTextType@7bc2ae16
2022-03-13 00:47:46.599 DEBUG 44828 --- [    Test worker] org.hibernate.type.BasicTypeRegistry     : Adding type registration blob -> org.hibernate.type.BlobType@334540a0
2022-03-13 00:47:46.599 DEBUG 44828 --- [    Test worker] org.hibernate.type.BasicTypeRegistry     : Adding type registration java.sql.Blob -> org.hibernate.type.BlobType@334540a0
2022-03-13 00:47:46.599 DEBUG 44828 --- [    Test worker] org.hibernate.type.BasicTypeRegistry     : Adding type registration materialized_blob -> org.hibernate.type.MaterializedBlobType@42aa1324
2022-03-13 00:47:46.600 DEBUG 44828 --- [    Test worker] org.hibernate.type.BasicTypeRegistry     : Adding type registration clob -> org.hibernate.type.ClobType@72eed547
2022-03-13 00:47:46.600 DEBUG 44828 --- [    Test worker] org.hibernate.type.BasicTypeRegistry     : Adding type registration java.sql.Clob -> org.hibernate.type.ClobType@72eed547
2022-03-13 00:47:46.601 DEBUG 44828 --- [    Test worker] org.hibernate.type.BasicTypeRegistry     : Adding type registration nclob -> org.hibernate.type.NClobType@3c17bd0b
2022-03-13 00:47:46.601 DEBUG 44828 --- [    Test worker] org.hibernate.type.BasicTypeRegistry     : Adding type registration java.sql.NClob -> org.hibernate.type.NClobType@3c17bd0b
2022-03-13 00:47:46.601 DEBUG 44828 --- [    Test worker] org.hibernate.type.BasicTypeRegistry     : Adding type registration materialized_clob -> org.hibernate.type.MaterializedClobType@d0b814d
2022-03-13 00:47:46.601 DEBUG 44828 --- [    Test worker] org.hibernate.type.BasicTypeRegistry     : Adding type registration materialized_nclob -> org.hibernate.type.MaterializedNClobType@7af0d91b
2022-03-13 00:47:46.602 DEBUG 44828 --- [    Test worker] org.hibernate.type.BasicTypeRegistry     : Adding type registration serializable -> org.hibernate.type.SerializableType@74f4a2ba
2022-03-13 00:47:46.604 DEBUG 44828 --- [    Test worker] org.hibernate.type.BasicTypeRegistry     : Adding type registration object -> org.hibernate.type.ObjectType@18026052
2022-03-13 00:47:46.605 DEBUG 44828 --- [    Test worker] org.hibernate.type.BasicTypeRegistry     : Adding type registration java.lang.Object -> org.hibernate.type.ObjectType@18026052
2022-03-13 00:47:46.605 DEBUG 44828 --- [    Test worker] org.hibernate.type.BasicTypeRegistry     : Adding type registration imm_date -> org.hibernate.type.AdaptedImmutableType@bb6f3f7
2022-03-13 00:47:46.605 DEBUG 44828 --- [    Test worker] org.hibernate.type.BasicTypeRegistry     : Adding type registration imm_time -> org.hibernate.type.AdaptedImmutableType@388f1258
2022-03-13 00:47:46.605 DEBUG 44828 --- [    Test worker] org.hibernate.type.BasicTypeRegistry     : Adding type registration imm_timestamp -> org.hibernate.type.AdaptedImmutableType@62058742
2022-03-13 00:47:46.605 DEBUG 44828 --- [    Test worker] org.hibernate.type.BasicTypeRegistry     : Adding type registration imm_dbtimestamp -> org.hibernate.type.AdaptedImmutableType@aca2fc3
2022-03-13 00:47:46.606 DEBUG 44828 --- [    Test worker] org.hibernate.type.BasicTypeRegistry     : Adding type registration imm_calendar -> org.hibernate.type.AdaptedImmutableType@36df4c26
2022-03-13 00:47:46.606 DEBUG 44828 --- [    Test worker] org.hibernate.type.BasicTypeRegistry     : Adding type registration imm_calendar_date -> org.hibernate.type.AdaptedImmutableType@76828577
2022-03-13 00:47:46.606 DEBUG 44828 --- [    Test worker] org.hibernate.type.BasicTypeRegistry     : Adding type registration imm_binary -> org.hibernate.type.AdaptedImmutableType@38732372
2022-03-13 00:47:46.606 DEBUG 44828 --- [    Test worker] org.hibernate.type.BasicTypeRegistry     : Adding type registration imm_serializable -> org.hibernate.type.AdaptedImmutableType@639cb788
2022-03-13 00:47:46.654  INFO 44828 --- [    Test worker] org.hibernate.dialect.Dialect            : HHH000400: Using dialect: org.hibernate.dialect.H2Dialect
2022-03-13 00:47:46.711 DEBUG 44828 --- [    Test worker] o.h.type.spi.TypeConfiguration$Scope     : Scoping TypeConfiguration [org.hibernate.type.spi.TypeConfiguration@218df7d6] to MetadataBuildingContext [org.hibernate.boot.internal.MetadataBuildingContextRootImpl@295b07e0]
2022-03-13 00:47:46.921 DEBUG 44828 --- [    Test worker] org.hibernate.type.EnumType              : Using NAMED-based conversion for Enum com.jan.web.security.role.RoleType
2022-03-13 00:47:46.922 DEBUG 44828 --- [    Test worker] o.h.type.spi.TypeConfiguration$Scope     : Scoping TypeConfiguration [org.hibernate.type.spi.TypeConfiguration@218df7d6] to SessionFactoryImpl [org.hibernate.internal.SessionFactoryImpl@7ee2423]
Hibernate: 
    
    drop table if exists containers CASCADE 
Hibernate: 
    
    drop table if exists project CASCADE 
Hibernate: 
    
    drop table if exists result CASCADE 
Hibernate: 
    
    drop table if exists role CASCADE 
Hibernate: 
    
    drop table if exists runner CASCADE 
Hibernate: 
    
    drop table if exists user_roles CASCADE 
Hibernate: 
    
    drop table if exists users CASCADE 
Hibernate: 
    
    drop sequence if exists hibernate_sequence
Hibernate: 
    
    drop sequence if exists seq_post
Hibernate: create sequence hibernate_sequence start with 1 increment by 1
Hibernate: create sequence seq_post start with 20000 increment by 1
Hibernate: 
    
    create table containers (
       id bigint not null,
        user_id bigint,
        primary key (id)
    )
Hibernate: 
    
    create table project (
       id bigint not null,
        first_label varchar(255),
        first_label_folder varchar(255),
        name varchar(255),
        second_label varchar(255),
        second_label_folder varchar(255),
        selected_model varchar(255),
        user_id bigint,
        primary key (id)
    )
Hibernate: 
    
    create table result (
       id bigint generated by default as identity,
        first_label_result double not null,
        second_label_result double not null,
        runner_id bigint,
        primary key (id)
    )
Hibernate: 
    
    create table role (
       id integer generated by default as identity,
        name varchar(20),
        primary key (id)
    )
Hibernate: 
    
    create table runner (
       id bigint generated by default as identity,
        c_parameter double not null,
        gamma_parameter double not null,
        is_finished boolean not null,
        project_id bigint,
        primary key (id)
    )
Hibernate: 
    
    create table user_roles (
       user_id bigint not null,
        role_id integer not null,
        primary key (user_id, role_id)
    )
Hibernate: 
    
    create table users (
       id bigint generated by default as identity,
        password varchar(255),
        username varchar(255),
        primary key (id)
    )
Hibernate: 
    
    alter table users 
       add constraint UKr43af9ap4edm43mmtq01oddj6 unique (username)
Hibernate: 
    
    alter table containers 
       add constraint FKhbpjtq3c7kl92xdx31xxk40xe 
       foreign key (user_id) 
       references users
Hibernate: 
    
    alter table project 
       add constraint FKf1va93taog6qokr6sqmtgr93h 
       foreign key (user_id) 
       references users
Hibernate: 
    
    alter table result 
       add constraint FKt5ci3kune1ey9ycnj257g9nrw 
       foreign key (runner_id) 
       references runner
Hibernate: 
    
    alter table runner 
       add constraint FKa69kamy8ccjs0xffv9rdaukw4 
       foreign key (project_id) 
       references project
Hibernate: 
    
    alter table user_roles 
       add constraint FKrhfovtciq1l558cw6udg0h0d3 
       foreign key (role_id) 
       references role
Hibernate: 
    
    alter table user_roles 
       add constraint FKhfh9dx7w3ubf1co1vdev94g3f 
       foreign key (user_id) 
       references users
2022-03-13 00:47:47.275  INFO 44828 --- [    Test worker] o.h.t.schema.internal.SchemaCreatorImpl  : HHH000476: Executing import script 'file:/Users/jan/dev/thesis/ml_runner/java/web/build/resources/main/import.sql'
Hibernate: 
    INSERT INTO role(name) VALUES('ROLE_USER')
Hibernate: 
    INSERT INTO role(name) VALUES('ROLE_ADMIN')
2022-03-13 00:47:47.279  INFO 44828 --- [    Test worker] o.h.e.t.j.p.i.JtaPlatformInitiator       : HHH000490: Using JtaPlatform implementation: [org.hibernate.engine.transaction.jta.platform.internal.NoJtaPlatform]
2022-03-13 00:47:47.284 TRACE 44828 --- [    Test worker] o.h.type.spi.TypeConfiguration$Scope     : Handling #sessionFactoryCreated from [org.hibernate.internal.SessionFactoryImpl@7ee2423] for TypeConfiguration
2022-03-13 00:47:47.286  INFO 44828 --- [    Test worker] j.LocalContainerEntityManagerFactoryBean : Initialized JPA EntityManagerFactory for persistence unit 'default'
2022-03-13 00:47:47.621  WARN 44828 --- [    Test worker] c.g.dockerjava.core.DockerClientBuilder  : 'dockerHttpClient' should be set.Falling back to Jersey, will be an error in future releases.
2022-03-13 00:47:47.775  WARN 44828 --- [    Test worker] JpaBaseConfiguration$JpaWebConfiguration : spring.jpa.open-in-view is enabled by default. Therefore, database queries may be performed during view rendering. Explicitly configure spring.jpa.open-in-view to disable this warning
2022-03-13 00:47:48.339  INFO 44828 --- [    Test worker] o.s.b.a.h2.H2ConsoleAutoConfiguration    : H2 console available at '/console'. Database available at 'jdbc:h2:mem:testdb'
2022-03-13 00:47:48.538  INFO 44828 --- [    Test worker] o.s.s.web.DefaultSecurityFilterChain     : Will secure any request with [org.springframework.security.web.context.request.async.WebAsyncManagerIntegrationFilter@6a3c1b56, org.springframework.security.web.context.SecurityContextPersistenceFilter@5c7d675c, org.springframework.security.web.header.HeaderWriterFilter@2319c1e0, org.springframework.web.filter.CorsFilter@3b8ce72, org.springframework.security.web.authentication.logout.LogoutFilter@2eb31735, com.jan.web.security.authentication.AuthorizationTokenFilter@497c1d78, org.springframework.security.web.savedrequest.RequestCacheAwareFilter@ad6448e, org.springframework.security.web.servletapi.SecurityContextHolderAwareRequestFilter@74ed7111, org.springframework.security.web.authentication.AnonymousAuthenticationFilter@3ce4eb42, org.springframework.security.web.session.SessionManagementFilter@20ad64c, org.springframework.security.web.access.ExceptionTranslationFilter@1512efe9, org.springframework.security.web.access.intercept.FilterSecurityInterceptor@3fc7abf6]
2022-03-13 00:47:48.887  INFO 44828 --- [    Test worker] c.j.w.f.ContainerFileServiceTest         : Started ContainerFileServiceTest in 4.217 seconds (JVM running for 5.591)
2022-03-13 00:47:48.929  WARN 44828 --- [    Test worker] c.g.dockerjava.core.DockerClientBuilder  : 'dockerHttpClient' should be set.Falling back to Jersey, will be an error in future releases.
2022-03-13 00:48:14.896  WARN 44828 --- [    Test worker] c.g.dockerjava.core.DockerClientBuilder  : 'dockerHttpClient' should be set.Falling back to Jersey, will be an error in future releases.
2022-03-13 00:48:36.819  WARN 44828 --- [    Test worker] c.g.dockerjava.core.DockerClientBuilder  : 'dockerHttpClient' should be set.Falling back to Jersey, will be an error in future releases.
2022-03-13 00:48:56.479  WARN 44828 --- [    Test worker] c.g.dockerjava.core.DockerClientBuilder  : 'dockerHttpClient' should be set.Falling back to Jersey, will be an error in future releases.
2022-03-13 00:49:17.091  WARN 44828 --- [    Test worker] c.g.dockerjava.core.DockerClientBuilder  : 'dockerHttpClient' should be set.Falling back to Jersey, will be an error in future releases.
2022-03-13 00:49:41.680  WARN 44828 --- [    Test worker] c.g.dockerjava.core.DockerClientBuilder  : 'dockerHttpClient' should be set.Falling back to Jersey, will be an error in future releases.
2022-03-13 00:50:02.666  WARN 44828 --- [    Test worker] c.g.dockerjava.core.DockerClientBuilder  : 'dockerHttpClient' should be set.Falling back to Jersey, will be an error in future releases.
2022-03-13 00:50:24.474  WARN 44828 --- [    Test worker] c.g.dockerjava.core.DockerClientBuilder  : 'dockerHttpClient' should be set.Falling back to Jersey, will be an error in future releases.
2022-03-13 00:50:46.848  WARN 44828 --- [    Test worker] c.g.dockerjava.core.DockerClientBuilder  : 'dockerHttpClient' should be set.Falling back to Jersey, will be an error in future releases.
]]></system-out>
  <system-err><![CDATA[]]></system-err>
</testsuite>
